2017-Dec-03 22:00:14.065 [main] DEBUG DBHelper.java:51 - Loading Properties
2017-Dec-03 22:00:14.067 [main] DEBUG DBHelper.java:64 - Creating the data source
2017-Dec-03 22:00:14.089 [main] DEBUG DBHelper.java:71 - Executing Flyway (database migration)
2017-Dec-03 22:00:14.694 [AWT-EventQueue-0] DEBUG Main.java:20 - Starting UI
2017-Dec-03 22:00:20.979 [Thread-3] DEBUG DBHelper.java:36 - Closing the data source
2017-Dec-03 22:00:23.632 [main] DEBUG DBHelper.java:51 - Loading Properties
2017-Dec-03 22:00:23.635 [main] DEBUG DBHelper.java:64 - Creating the data source
2017-Dec-03 22:00:23.655 [main] DEBUG DBHelper.java:71 - Executing Flyway (database migration)
2017-Dec-03 22:00:24.080 [AWT-EventQueue-0] DEBUG Main.java:20 - Starting UI
2017-Dec-03 22:00:49.464 [AWT-EventQueue-0] DEBUG Room.java:96 - Looking for key in the table...
2017-Dec-03 22:00:49.465 [AWT-EventQueue-0] DEBUG Room.java:98 - .
2017-Dec-03 22:00:49.465 [AWT-EventQueue-0] DEBUG Room.java:98 - .
2017-Dec-03 22:00:49.465 [AWT-EventQueue-0] DEBUG Room.java:98 - .
2017-Dec-03 22:00:49.465 [AWT-EventQueue-0] DEBUG Room.java:98 - .
2017-Dec-03 22:00:49.466 [AWT-EventQueue-0] DEBUG Room.java:98 - .
2017-Dec-03 22:00:49.466 [AWT-EventQueue-0] DEBUG Room.java:107 - Key not in the table, Inserting...
2017-Dec-03 22:00:57.477 [Thread-3] DEBUG DBHelper.java:36 - Closing the data source
2017-Dec-03 22:00:58.405 [main] DEBUG DBHelper.java:51 - Loading Properties
2017-Dec-03 22:00:58.407 [main] DEBUG DBHelper.java:64 - Creating the data source
2017-Dec-03 22:00:58.423 [main] DEBUG DBHelper.java:71 - Executing Flyway (database migration)
2017-Dec-03 22:00:58.812 [AWT-EventQueue-0] DEBUG Main.java:20 - Starting UI
2017-Dec-03 22:01:00.738 [Thread-3] DEBUG DBHelper.java:36 - Closing the data source
